WARNING - 2026-04-10 12:27:02 --> [DEPRECATED] Creation of dynamic property App\Controllers\Home::$pessoasModel is deprecated in APPPATH/Controllers/Home.php on line 11.
 1 SYSTEMPATH/CodeIgniter.php(921): App\Controllers\Home->__construct()
 2 SYSTEMPATH/CodeIgniter.php(488): CodeIgniter\CodeIgniter->createController()
 3 SYSTEMPATH/CodeIgniter.php(340): CodeIgniter\CodeIgniter->handleRequest(null, Object(Config\Cache), false)
 4 SYSTEMPATH/Boot.php(417): CodeIgniter\CodeIgniter->run()
 5 SYSTEMPATH/Boot.php(68): CodeIgniter\Boot::runCodeIgniter(Object(CodeIgniter\CodeIgniter))
 6 FCPATH/index.php(59): CodeIgniter\Boot::bootWeb(Object(Config\Paths))
 7 SYSTEMPATH/rewrite.php(44): require_once('/home/eduardo/sources/codeigniter/AulaCodeIgniter2026_2703/projeto/meuprj/public/index.php')
WARNING - 2026-04-10 12:27:12 --> [DEPRECATED] Creation of dynamic property App\Controllers\Home::$pessoasModel is deprecated in APPPATH/Controllers/Home.php on line 11.
 1 SYSTEMPATH/CodeIgniter.php(921): App\Controllers\Home->__construct()
 2 SYSTEMPATH/CodeIgniter.php(488): CodeIgniter\CodeIgniter->createController()
 3 SYSTEMPATH/CodeIgniter.php(340): CodeIgniter\CodeIgniter->handleRequest(null, Object(Config\Cache), false)
 4 SYSTEMPATH/Boot.php(417): CodeIgniter\CodeIgniter->run()
 5 SYSTEMPATH/Boot.php(68): CodeIgniter\Boot::runCodeIgniter(Object(CodeIgniter\CodeIgniter))
 6 FCPATH/index.php(59): CodeIgniter\Boot::bootWeb(Object(Config\Paths))
 7 SYSTEMPATH/rewrite.php(44): require_once('/home/eduardo/sources/codeigniter/AulaCodeIgniter2026_2703/projeto/meuprj/public/index.php')
WARNING - 2026-04-10 12:27:23 --> [DEPRECATED] Creation of dynamic property App\Controllers\Home::$pessoasModel is deprecated in APPPATH/Controllers/Home.php on line 11.
 1 SYSTEMPATH/CodeIgniter.php(921): App\Controllers\Home->__construct()
 2 SYSTEMPATH/CodeIgniter.php(488): CodeIgniter\CodeIgniter->createController()
 3 SYSTEMPATH/CodeIgniter.php(340): CodeIgniter\CodeIgniter->handleRequest(null, Object(Config\Cache), false)
 4 SYSTEMPATH/Boot.php(417): CodeIgniter\CodeIgniter->run()
 5 SYSTEMPATH/Boot.php(68): CodeIgniter\Boot::runCodeIgniter(Object(CodeIgniter\CodeIgniter))
 6 FCPATH/index.php(59): CodeIgniter\Boot::bootWeb(Object(Config\Paths))
 7 SYSTEMPATH/rewrite.php(44): require_once('/home/eduardo/sources/codeigniter/AulaCodeIgniter2026_2703/projeto/meuprj/public/index.php')
WARNING - 2026-04-10 12:27:25 --> [DEPRECATED] Creation of dynamic property App\Controllers\Home::$pessoasModel is deprecated in APPPATH/Controllers/Home.php on line 11.
 1 SYSTEMPATH/CodeIgniter.php(921): App\Controllers\Home->__construct()
 2 SYSTEMPATH/CodeIgniter.php(488): CodeIgniter\CodeIgniter->createController()
 3 SYSTEMPATH/CodeIgniter.php(340): CodeIgniter\CodeIgniter->handleRequest(null, Object(Config\Cache), false)
 4 SYSTEMPATH/Boot.php(417): CodeIgniter\CodeIgniter->run()
 5 SYSTEMPATH/Boot.php(68): CodeIgniter\Boot::runCodeIgniter(Object(CodeIgniter\CodeIgniter))
 6 FCPATH/index.php(59): CodeIgniter\Boot::bootWeb(Object(Config\Paths))
 7 SYSTEMPATH/rewrite.php(44): require_once('/home/eduardo/sources/codeigniter/AulaCodeIgniter2026_2703/projeto/meuprj/public/index.php')
WARNING - 2026-04-10 12:27:34 --> [DEPRECATED] Creation of dynamic property App\Controllers\Home::$pessoasModel is deprecated in APPPATH/Controllers/Home.php on line 11.
 1 SYSTEMPATH/CodeIgniter.php(921): App\Controllers\Home->__construct()
 2 SYSTEMPATH/CodeIgniter.php(488): CodeIgniter\CodeIgniter->createController()
 3 SYSTEMPATH/CodeIgniter.php(340): CodeIgniter\CodeIgniter->handleRequest(null, Object(Config\Cache), false)
 4 SYSTEMPATH/Boot.php(417): CodeIgniter\CodeIgniter->run()
 5 SYSTEMPATH/Boot.php(68): CodeIgniter\Boot::runCodeIgniter(Object(CodeIgniter\CodeIgniter))
 6 FCPATH/index.php(59): CodeIgniter\Boot::bootWeb(Object(Config\Paths))
 7 SYSTEMPATH/rewrite.php(44): require_once('/home/eduardo/sources/codeigniter/AulaCodeIgniter2026_2703/projeto/meuprj/public/index.php')
WARNING - 2026-04-10 12:27:35 --> [DEPRECATED] Creation of dynamic property App\Controllers\Home::$pessoasModel is deprecated in APPPATH/Controllers/Home.php on line 11.
 1 SYSTEMPATH/CodeIgniter.php(921): App\Controllers\Home->__construct()
 2 SYSTEMPATH/CodeIgniter.php(488): CodeIgniter\CodeIgniter->createController()
 3 SYSTEMPATH/CodeIgniter.php(340): CodeIgniter\CodeIgniter->handleRequest(null, Object(Config\Cache), false)
 4 SYSTEMPATH/Boot.php(417): CodeIgniter\CodeIgniter->run()
 5 SYSTEMPATH/Boot.php(68): CodeIgniter\Boot::runCodeIgniter(Object(CodeIgniter\CodeIgniter))
 6 FCPATH/index.php(59): CodeIgniter\Boot::bootWeb(Object(Config\Paths))
 7 SYSTEMPATH/rewrite.php(44): require_once('/home/eduardo/sources/codeigniter/AulaCodeIgniter2026_2703/projeto/meuprj/public/index.php')
WARNING - 2026-04-10 12:27:37 --> [DEPRECATED] Creation of dynamic property App\Controllers\Home::$pessoasModel is deprecated in APPPATH/Controllers/Home.php on line 11.
 1 SYSTEMPATH/CodeIgniter.php(921): App\Controllers\Home->__construct()
 2 SYSTEMPATH/CodeIgniter.php(488): CodeIgniter\CodeIgniter->createController()
 3 SYSTEMPATH/CodeIgniter.php(340): CodeIgniter\CodeIgniter->handleRequest(null, Object(Config\Cache), false)
 4 SYSTEMPATH/Boot.php(417): CodeIgniter\CodeIgniter->run()
 5 SYSTEMPATH/Boot.php(68): CodeIgniter\Boot::runCodeIgniter(Object(CodeIgniter\CodeIgniter))
 6 FCPATH/index.php(59): CodeIgniter\Boot::bootWeb(Object(Config\Paths))
 7 SYSTEMPATH/rewrite.php(44): require_once('/home/eduardo/sources/codeigniter/AulaCodeIgniter2026_2703/projeto/meuprj/public/index.php')
WARNING - 2026-04-10 12:31:37 --> [DEPRECATED] Creation of dynamic property App\Controllers\Home::$pessoasModel is deprecated in APPPATH/Controllers/Home.php on line 11.
 1 SYSTEMPATH/CodeIgniter.php(921): App\Controllers\Home->__construct()
 2 SYSTEMPATH/CodeIgniter.php(488): CodeIgniter\CodeIgniter->createController()
 3 SYSTEMPATH/CodeIgniter.php(340): CodeIgniter\CodeIgniter->handleRequest(null, Object(Config\Cache), false)
 4 SYSTEMPATH/Boot.php(417): CodeIgniter\CodeIgniter->run()
 5 SYSTEMPATH/Boot.php(68): CodeIgniter\Boot::runCodeIgniter(Object(CodeIgniter\CodeIgniter))
 6 FCPATH/index.php(59): CodeIgniter\Boot::bootWeb(Object(Config\Paths))
 7 SYSTEMPATH/rewrite.php(44): require_once('/home/eduardo/sources/codeigniter/AulaCodeIgniter2026_2703/projeto/meuprj/public/index.php')
WARNING - 2026-04-10 12:35:08 --> [DEPRECATED] Creation of dynamic property App\Controllers\Home::$pessoasModel is deprecated in APPPATH/Controllers/Home.php on line 11.
 1 SYSTEMPATH/CodeIgniter.php(921): App\Controllers\Home->__construct()
 2 SYSTEMPATH/CodeIgniter.php(488): CodeIgniter\CodeIgniter->createController()
 3 SYSTEMPATH/CodeIgniter.php(340): CodeIgniter\CodeIgniter->handleRequest(null, Object(Config\Cache), false)
 4 SYSTEMPATH/Boot.php(417): CodeIgniter\CodeIgniter->run()
 5 SYSTEMPATH/Boot.php(68): CodeIgniter\Boot::runCodeIgniter(Object(CodeIgniter\CodeIgniter))
 6 FCPATH/index.php(59): CodeIgniter\Boot::bootWeb(Object(Config\Paths))
 7 SYSTEMPATH/rewrite.php(44): require_once('/home/eduardo/sources/codeigniter/AulaCodeIgniter2026_2703/projeto/meuprj/public/index.php')
CRITICAL - 2026-04-10 12:35:08 --> CodeIgniter\View\Exceptions\ViewException: Invalid file: "formulario_editar.php"
[Method: POST, Route: editar]
in SYSTEMPATH/Exceptions/FrameworkException.php on line 39.
 1 SYSTEMPATH/View/View.php(228): CodeIgniter\Exceptions\FrameworkException::forInvalidFile()
 2 SYSTEMPATH/Common.php(1250): CodeIgniter\View\View->render()
 3 APPPATH/Controllers/Home.php(52): view()
 4 SYSTEMPATH/CodeIgniter.php(951): App\Controllers\Home->editarPessoa()
 5 SYSTEMPATH/CodeIgniter.php(497): CodeIgniter\CodeIgniter->runController()
 6 SYSTEMPATH/CodeIgniter.php(340): CodeIgniter\CodeIgniter->handleRequest()
 7 SYSTEMPATH/Boot.php(417): CodeIgniter\CodeIgniter->run()
 8 SYSTEMPATH/Boot.php(68): CodeIgniter\Boot::runCodeIgniter()
 9 FCPATH/index.php(59): CodeIgniter\Boot::bootWeb()
10 SYSTEMPATH/rewrite.php(44): require_once('/home/eduardo/sources/codeigniter/AulaCodeIgniter2026_2703/projeto/meuprj/public/index.php')
WARNING - 2026-04-10 12:35:56 --> [DEPRECATED] Creation of dynamic property App\Controllers\Home::$pessoasModel is deprecated in APPPATH/Controllers/Home.php on line 11.
 1 SYSTEMPATH/CodeIgniter.php(921): App\Controllers\Home->__construct()
 2 SYSTEMPATH/CodeIgniter.php(488): CodeIgniter\CodeIgniter->createController()
 3 SYSTEMPATH/CodeIgniter.php(340): CodeIgniter\CodeIgniter->handleRequest(null, Object(Config\Cache), false)
 4 SYSTEMPATH/Boot.php(417): CodeIgniter\CodeIgniter->run()
 5 SYSTEMPATH/Boot.php(68): CodeIgniter\Boot::runCodeIgniter(Object(CodeIgniter\CodeIgniter))
 6 FCPATH/index.php(59): CodeIgniter\Boot::bootWeb(Object(Config\Paths))
 7 SYSTEMPATH/rewrite.php(44): require_once('/home/eduardo/sources/codeigniter/AulaCodeIgniter2026_2703/projeto/meuprj/public/index.php')
WARNING - 2026-04-10 12:35:59 --> [DEPRECATED] Creation of dynamic property App\Controllers\Home::$pessoasModel is deprecated in APPPATH/Controllers/Home.php on line 11.
 1 SYSTEMPATH/CodeIgniter.php(921): App\Controllers\Home->__construct()
 2 SYSTEMPATH/CodeIgniter.php(488): CodeIgniter\CodeIgniter->createController()
 3 SYSTEMPATH/CodeIgniter.php(340): CodeIgniter\CodeIgniter->handleRequest(null, Object(Config\Cache), false)
 4 SYSTEMPATH/Boot.php(417): CodeIgniter\CodeIgniter->run()
 5 SYSTEMPATH/Boot.php(68): CodeIgniter\Boot::runCodeIgniter(Object(CodeIgniter\CodeIgniter))
 6 FCPATH/index.php(59): CodeIgniter\Boot::bootWeb(Object(Config\Paths))
 7 SYSTEMPATH/rewrite.php(44): require_once('/home/eduardo/sources/codeigniter/AulaCodeIgniter2026_2703/projeto/meuprj/public/index.php')
WARNING - 2026-04-10 12:36:02 --> [DEPRECATED] Creation of dynamic property App\Controllers\Home::$pessoasModel is deprecated in APPPATH/Controllers/Home.php on line 11.
 1 SYSTEMPATH/CodeIgniter.php(921): App\Controllers\Home->__construct()
 2 SYSTEMPATH/CodeIgniter.php(488): CodeIgniter\CodeIgniter->createController()
 3 SYSTEMPATH/CodeIgniter.php(340): CodeIgniter\CodeIgniter->handleRequest(null, Object(Config\Cache), false)
 4 SYSTEMPATH/Boot.php(417): CodeIgniter\CodeIgniter->run()
 5 SYSTEMPATH/Boot.php(68): CodeIgniter\Boot::runCodeIgniter(Object(CodeIgniter\CodeIgniter))
 6 FCPATH/index.php(59): CodeIgniter\Boot::bootWeb(Object(Config\Paths))
 7 SYSTEMPATH/rewrite.php(44): require_once('/home/eduardo/sources/codeigniter/AulaCodeIgniter2026_2703/projeto/meuprj/public/index.php')
WARNING - 2026-04-10 12:37:59 --> [DEPRECATED] Creation of dynamic property App\Controllers\Home::$pessoasModel is deprecated in APPPATH/Controllers/Home.php on line 11.
 1 SYSTEMPATH/CodeIgniter.php(921): App\Controllers\Home->__construct()
 2 SYSTEMPATH/CodeIgniter.php(488): CodeIgniter\CodeIgniter->createController()
 3 SYSTEMPATH/CodeIgniter.php(340): CodeIgniter\CodeIgniter->handleRequest(null, Object(Config\Cache), false)
 4 SYSTEMPATH/Boot.php(417): CodeIgniter\CodeIgniter->run()
 5 SYSTEMPATH/Boot.php(68): CodeIgniter\Boot::runCodeIgniter(Object(CodeIgniter\CodeIgniter))
 6 FCPATH/index.php(59): CodeIgniter\Boot::bootWeb(Object(Config\Paths))
 7 SYSTEMPATH/rewrite.php(44): require_once('/home/eduardo/sources/codeigniter/AulaCodeIgniter2026_2703/projeto/meuprj/public/index.php')
WARNING - 2026-04-10 12:38:01 --> [DEPRECATED] Creation of dynamic property App\Controllers\Home::$pessoasModel is deprecated in APPPATH/Controllers/Home.php on line 11.
 1 SYSTEMPATH/CodeIgniter.php(921): App\Controllers\Home->__construct()
 2 SYSTEMPATH/CodeIgniter.php(488): CodeIgniter\CodeIgniter->createController()
 3 SYSTEMPATH/CodeIgniter.php(340): CodeIgniter\CodeIgniter->handleRequest(null, Object(Config\Cache), false)
 4 SYSTEMPATH/Boot.php(417): CodeIgniter\CodeIgniter->run()
 5 SYSTEMPATH/Boot.php(68): CodeIgniter\Boot::runCodeIgniter(Object(CodeIgniter\CodeIgniter))
 6 FCPATH/index.php(59): CodeIgniter\Boot::bootWeb(Object(Config\Paths))
 7 SYSTEMPATH/rewrite.php(44): require_once('/home/eduardo/sources/codeigniter/AulaCodeIgniter2026_2703/projeto/meuprj/public/index.php')
WARNING - 2026-04-10 12:38:03 --> [DEPRECATED] Creation of dynamic property App\Controllers\Home::$pessoasModel is deprecated in APPPATH/Controllers/Home.php on line 11.
 1 SYSTEMPATH/CodeIgniter.php(921): App\Controllers\Home->__construct()
 2 SYSTEMPATH/CodeIgniter.php(488): CodeIgniter\CodeIgniter->createController()
 3 SYSTEMPATH/CodeIgniter.php(340): CodeIgniter\CodeIgniter->handleRequest(null, Object(Config\Cache), false)
 4 SYSTEMPATH/Boot.php(417): CodeIgniter\CodeIgniter->run()
 5 SYSTEMPATH/Boot.php(68): CodeIgniter\Boot::runCodeIgniter(Object(CodeIgniter\CodeIgniter))
 6 FCPATH/index.php(59): CodeIgniter\Boot::bootWeb(Object(Config\Paths))
 7 SYSTEMPATH/rewrite.php(44): require_once('/home/eduardo/sources/codeigniter/AulaCodeIgniter2026_2703/projeto/meuprj/public/index.php')
WARNING - 2026-04-10 12:42:15 --> [DEPRECATED] Creation of dynamic property App\Controllers\Home::$pessoasModel is deprecated in APPPATH/Controllers/Home.php on line 11.
 1 SYSTEMPATH/CodeIgniter.php(921): App\Controllers\Home->__construct()
 2 SYSTEMPATH/CodeIgniter.php(488): CodeIgniter\CodeIgniter->createController()
 3 SYSTEMPATH/CodeIgniter.php(340): CodeIgniter\CodeIgniter->handleRequest(null, Object(Config\Cache), false)
 4 SYSTEMPATH/Boot.php(417): CodeIgniter\CodeIgniter->run()
 5 SYSTEMPATH/Boot.php(68): CodeIgniter\Boot::runCodeIgniter(Object(CodeIgniter\CodeIgniter))
 6 FCPATH/index.php(59): CodeIgniter\Boot::bootWeb(Object(Config\Paths))
 7 SYSTEMPATH/rewrite.php(44): require_once('/home/eduardo/sources/codeigniter/AulaCodeIgniter2026_2703/projeto/meuprj/public/index.php')
WARNING - 2026-04-10 12:42:17 --> [DEPRECATED] Creation of dynamic property App\Controllers\Home::$pessoasModel is deprecated in APPPATH/Controllers/Home.php on line 11.
 1 SYSTEMPATH/CodeIgniter.php(921): App\Controllers\Home->__construct()
 2 SYSTEMPATH/CodeIgniter.php(488): CodeIgniter\CodeIgniter->createController()
 3 SYSTEMPATH/CodeIgniter.php(340): CodeIgniter\CodeIgniter->handleRequest(null, Object(Config\Cache), false)
 4 SYSTEMPATH/Boot.php(417): CodeIgniter\CodeIgniter->run()
 5 SYSTEMPATH/Boot.php(68): CodeIgniter\Boot::runCodeIgniter(Object(CodeIgniter\CodeIgniter))
 6 FCPATH/index.php(59): CodeIgniter\Boot::bootWeb(Object(Config\Paths))
 7 SYSTEMPATH/rewrite.php(44): require_once('/home/eduardo/sources/codeigniter/AulaCodeIgniter2026_2703/projeto/meuprj/public/index.php')
WARNING - 2026-04-10 12:42:21 --> [DEPRECATED] Creation of dynamic property App\Controllers\Home::$pessoasModel is deprecated in APPPATH/Controllers/Home.php on line 11.
 1 SYSTEMPATH/CodeIgniter.php(921): App\Controllers\Home->__construct()
 2 SYSTEMPATH/CodeIgniter.php(488): CodeIgniter\CodeIgniter->createController()
 3 SYSTEMPATH/CodeIgniter.php(340): CodeIgniter\CodeIgniter->handleRequest(null, Object(Config\Cache), false)
 4 SYSTEMPATH/Boot.php(417): CodeIgniter\CodeIgniter->run()
 5 SYSTEMPATH/Boot.php(68): CodeIgniter\Boot::runCodeIgniter(Object(CodeIgniter\CodeIgniter))
 6 FCPATH/index.php(59): CodeIgniter\Boot::bootWeb(Object(Config\Paths))
 7 SYSTEMPATH/rewrite.php(44): require_once('/home/eduardo/sources/codeigniter/AulaCodeIgniter2026_2703/projeto/meuprj/public/index.php')
WARNING - 2026-04-10 12:42:27 --> [DEPRECATED] Creation of dynamic property App\Controllers\Home::$pessoasModel is deprecated in APPPATH/Controllers/Home.php on line 11.
 1 SYSTEMPATH/CodeIgniter.php(921): App\Controllers\Home->__construct()
 2 SYSTEMPATH/CodeIgniter.php(488): CodeIgniter\CodeIgniter->createController()
 3 SYSTEMPATH/CodeIgniter.php(340): CodeIgniter\CodeIgniter->handleRequest(null, Object(Config\Cache), false)
 4 SYSTEMPATH/Boot.php(417): CodeIgniter\CodeIgniter->run()
 5 SYSTEMPATH/Boot.php(68): CodeIgniter\Boot::runCodeIgniter(Object(CodeIgniter\CodeIgniter))
 6 FCPATH/index.php(59): CodeIgniter\Boot::bootWeb(Object(Config\Paths))
 7 SYSTEMPATH/rewrite.php(44): require_once('/home/eduardo/sources/codeigniter/AulaCodeIgniter2026_2703/projeto/meuprj/public/index.php')
CRITICAL - 2026-04-10 12:42:27 --> CodeIgniter\Database\Exceptions\DatabaseException: Updates are not allowed unless they contain a "where" or "like" clause.
[Method: POST, Route: update_pessoa]
in SYSTEMPATH/Model.php on line 401.
 1 SYSTEMPATH/BaseModel.php(1074): CodeIgniter\Model->doUpdate()
 2 SYSTEMPATH/Model.php(709): CodeIgniter\BaseModel->update()
 3 APPPATH/Controllers/Home.php(60): CodeIgniter\Model->update()
 4 SYSTEMPATH/CodeIgniter.php(951): App\Controllers\Home->updatePessoa()
 5 SYSTEMPATH/CodeIgniter.php(497): CodeIgniter\CodeIgniter->runController()
 6 SYSTEMPATH/CodeIgniter.php(340): CodeIgniter\CodeIgniter->handleRequest()
 7 SYSTEMPATH/Boot.php(417): CodeIgniter\CodeIgniter->run()
 8 SYSTEMPATH/Boot.php(68): CodeIgniter\Boot::runCodeIgniter()
 9 FCPATH/index.php(59): CodeIgniter\Boot::bootWeb()
10 SYSTEMPATH/rewrite.php(44): require_once('/home/eduardo/sources/codeigniter/AulaCodeIgniter2026_2703/projeto/meuprj/public/index.php')
WARNING - 2026-04-10 12:45:56 --> [DEPRECATED] Creation of dynamic property App\Controllers\Home::$pessoasModel is deprecated in APPPATH/Controllers/Home.php on line 11.
 1 SYSTEMPATH/CodeIgniter.php(921): App\Controllers\Home->__construct()
 2 SYSTEMPATH/CodeIgniter.php(488): CodeIgniter\CodeIgniter->createController()
 3 SYSTEMPATH/CodeIgniter.php(340): CodeIgniter\CodeIgniter->handleRequest(null, Object(Config\Cache), false)
 4 SYSTEMPATH/Boot.php(417): CodeIgniter\CodeIgniter->run()
 5 SYSTEMPATH/Boot.php(68): CodeIgniter\Boot::runCodeIgniter(Object(CodeIgniter\CodeIgniter))
 6 FCPATH/index.php(59): CodeIgniter\Boot::bootWeb(Object(Config\Paths))
 7 SYSTEMPATH/rewrite.php(44): require_once('/home/eduardo/sources/codeigniter/AulaCodeIgniter2026_2703/projeto/meuprj/public/index.php')
WARNING - 2026-04-10 12:47:09 --> [DEPRECATED] Creation of dynamic property App\Controllers\Home::$pessoasModel is deprecated in APPPATH/Controllers/Home.php on line 11.
 1 SYSTEMPATH/CodeIgniter.php(921): App\Controllers\Home->__construct()
 2 SYSTEMPATH/CodeIgniter.php(488): CodeIgniter\CodeIgniter->createController()
 3 SYSTEMPATH/CodeIgniter.php(340): CodeIgniter\CodeIgniter->handleRequest(null, Object(Config\Cache), false)
 4 SYSTEMPATH/Boot.php(417): CodeIgniter\CodeIgniter->run()
 5 SYSTEMPATH/Boot.php(68): CodeIgniter\Boot::runCodeIgniter(Object(CodeIgniter\CodeIgniter))
 6 FCPATH/index.php(59): CodeIgniter\Boot::bootWeb(Object(Config\Paths))
 7 SYSTEMPATH/rewrite.php(44): require_once('/home/eduardo/sources/codeigniter/AulaCodeIgniter2026_2703/projeto/meuprj/public/index.php')
WARNING - 2026-04-10 12:47:11 --> [DEPRECATED] Creation of dynamic property App\Controllers\Home::$pessoasModel is deprecated in APPPATH/Controllers/Home.php on line 11.
 1 SYSTEMPATH/CodeIgniter.php(921): App\Controllers\Home->__construct()
 2 SYSTEMPATH/CodeIgniter.php(488): CodeIgniter\CodeIgniter->createController()
 3 SYSTEMPATH/CodeIgniter.php(340): CodeIgniter\CodeIgniter->handleRequest(null, Object(Config\Cache), false)
 4 SYSTEMPATH/Boot.php(417): CodeIgniter\CodeIgniter->run()
 5 SYSTEMPATH/Boot.php(68): CodeIgniter\Boot::runCodeIgniter(Object(CodeIgniter\CodeIgniter))
 6 FCPATH/index.php(59): CodeIgniter\Boot::bootWeb(Object(Config\Paths))
 7 SYSTEMPATH/rewrite.php(44): require_once('/home/eduardo/sources/codeigniter/AulaCodeIgniter2026_2703/projeto/meuprj/public/index.php')
WARNING - 2026-04-10 12:47:13 --> [DEPRECATED] Creation of dynamic property App\Controllers\Home::$pessoasModel is deprecated in APPPATH/Controllers/Home.php on line 11.
 1 SYSTEMPATH/CodeIgniter.php(921): App\Controllers\Home->__construct()
 2 SYSTEMPATH/CodeIgniter.php(488): CodeIgniter\CodeIgniter->createController()
 3 SYSTEMPATH/CodeIgniter.php(340): CodeIgniter\CodeIgniter->handleRequest(null, Object(Config\Cache), false)
 4 SYSTEMPATH/Boot.php(417): CodeIgniter\CodeIgniter->run()
 5 SYSTEMPATH/Boot.php(68): CodeIgniter\Boot::runCodeIgniter(Object(CodeIgniter\CodeIgniter))
 6 FCPATH/index.php(59): CodeIgniter\Boot::bootWeb(Object(Config\Paths))
 7 SYSTEMPATH/rewrite.php(44): require_once('/home/eduardo/sources/codeigniter/AulaCodeIgniter2026_2703/projeto/meuprj/public/index.php')
WARNING - 2026-04-10 12:47:17 --> [DEPRECATED] Creation of dynamic property App\Controllers\Home::$pessoasModel is deprecated in APPPATH/Controllers/Home.php on line 11.
 1 SYSTEMPATH/CodeIgniter.php(921): App\Controllers\Home->__construct()
 2 SYSTEMPATH/CodeIgniter.php(488): CodeIgniter\CodeIgniter->createController()
 3 SYSTEMPATH/CodeIgniter.php(340): CodeIgniter\CodeIgniter->handleRequest(null, Object(Config\Cache), false)
 4 SYSTEMPATH/Boot.php(417): CodeIgniter\CodeIgniter->run()
 5 SYSTEMPATH/Boot.php(68): CodeIgniter\Boot::runCodeIgniter(Object(CodeIgniter\CodeIgniter))
 6 FCPATH/index.php(59): CodeIgniter\Boot::bootWeb(Object(Config\Paths))
 7 SYSTEMPATH/rewrite.php(44): require_once('/home/eduardo/sources/codeigniter/AulaCodeIgniter2026_2703/projeto/meuprj/public/index.php')
WARNING - 2026-04-10 12:47:17 --> [DEPRECATED] Creation of dynamic property App\Controllers\Home::$pessoasModel is deprecated in APPPATH/Controllers/Home.php on line 11.
 1 SYSTEMPATH/CodeIgniter.php(921): App\Controllers\Home->__construct()
 2 SYSTEMPATH/CodeIgniter.php(488): CodeIgniter\CodeIgniter->createController()
 3 SYSTEMPATH/CodeIgniter.php(340): CodeIgniter\CodeIgniter->handleRequest(null, Object(Config\Cache), false)
 4 SYSTEMPATH/Boot.php(417): CodeIgniter\CodeIgniter->run()
 5 SYSTEMPATH/Boot.php(68): CodeIgniter\Boot::runCodeIgniter(Object(CodeIgniter\CodeIgniter))
 6 FCPATH/index.php(59): CodeIgniter\Boot::bootWeb(Object(Config\Paths))
 7 SYSTEMPATH/rewrite.php(44): require_once('/home/eduardo/sources/codeigniter/AulaCodeIgniter2026_2703/projeto/meuprj/public/index.php')
