CRITICAL - 2026-03-27 13:12:14 --> ErrorException: Undefined variable $name
[Method: POST, Route: enviar_formulario]
in APPPATH/Views/tela_sucesso.php on line 9.
 1 APPPATH/Views/tela_sucesso.php(9): CodeIgniter\Debug\Exceptions->errorHandler()
 2 SYSTEMPATH/View/View.php(240): include('/home/eduardo/sources/codeigniter/AulaCodeIgniter2026_2703/projeto/meuprj/app/Views/tela_sucesso.php')
 3 SYSTEMPATH/View/View.php(243): CodeIgniter\View\View->CodeIgniter\View\{closure}()
 4 SYSTEMPATH/Common.php(1250): CodeIgniter\View\View->render()
 5 APPPATH/Controllers/Home.php(27): view()
 6 SYSTEMPATH/CodeIgniter.php(951): App\Controllers\Home->funcao_para_processar_formulario()
 7 SYSTEMPATH/CodeIgniter.php(497): CodeIgniter\CodeIgniter->runController()
 8 SYSTEMPATH/CodeIgniter.php(340): CodeIgniter\CodeIgniter->handleRequest()
 9 SYSTEMPATH/Boot.php(417): CodeIgniter\CodeIgniter->run()
10 SYSTEMPATH/Boot.php(68): CodeIgniter\Boot::runCodeIgniter()
11 FCPATH/index.php(59): CodeIgniter\Boot::bootWeb()
12 SYSTEMPATH/rewrite.php(44): require_once('/home/eduardo/sources/codeigniter/AulaCodeIgniter2026_2703/projeto/meuprj/public/index.php')
CRITICAL - 2026-03-27 13:13:24 --> ErrorException: Undefined variable $name
[Method: POST, Route: enviar_formulario]
in APPPATH/Views/tela_sucesso.php on line 9.
 1 APPPATH/Views/tela_sucesso.php(9): CodeIgniter\Debug\Exceptions->errorHandler()
 2 SYSTEMPATH/View/View.php(240): include('/home/eduardo/sources/codeigniter/AulaCodeIgniter2026_2703/projeto/meuprj/app/Views/tela_sucesso.php')
 3 SYSTEMPATH/View/View.php(243): CodeIgniter\View\View->CodeIgniter\View\{closure}()
 4 SYSTEMPATH/Common.php(1250): CodeIgniter\View\View->render()
 5 APPPATH/Controllers/Home.php(27): view()
 6 SYSTEMPATH/CodeIgniter.php(951): App\Controllers\Home->funcao_para_processar_formulario()
 7 SYSTEMPATH/CodeIgniter.php(497): CodeIgniter\CodeIgniter->runController()
 8 SYSTEMPATH/CodeIgniter.php(340): CodeIgniter\CodeIgniter->handleRequest()
 9 SYSTEMPATH/Boot.php(417): CodeIgniter\CodeIgniter->run()
10 SYSTEMPATH/Boot.php(68): CodeIgniter\Boot::runCodeIgniter()
11 FCPATH/index.php(59): CodeIgniter\Boot::bootWeb()
12 SYSTEMPATH/rewrite.php(44): require_once('/home/eduardo/sources/codeigniter/AulaCodeIgniter2026_2703/projeto/meuprj/public/index.php')
CRITICAL - 2026-03-27 13:15:26 --> ErrorException: Undefined variable $name
[Method: POST, Route: enviar_formulario]
in APPPATH/Views/tela_sucesso.php on line 9.
 1 APPPATH/Views/tela_sucesso.php(9): CodeIgniter\Debug\Exceptions->errorHandler()
 2 SYSTEMPATH/View/View.php(240): include('/home/eduardo/sources/codeigniter/AulaCodeIgniter2026_2703/projeto/meuprj/app/Views/tela_sucesso.php')
 3 SYSTEMPATH/View/View.php(243): CodeIgniter\View\View->CodeIgniter\View\{closure}()
 4 SYSTEMPATH/Common.php(1250): CodeIgniter\View\View->render()
 5 APPPATH/Controllers/Home.php(27): view()
 6 SYSTEMPATH/CodeIgniter.php(951): App\Controllers\Home->funcao_para_processar_formulario()
 7 SYSTEMPATH/CodeIgniter.php(497): CodeIgniter\CodeIgniter->runController()
 8 SYSTEMPATH/CodeIgniter.php(340): CodeIgniter\CodeIgniter->handleRequest()
 9 SYSTEMPATH/Boot.php(417): CodeIgniter\CodeIgniter->run()
10 SYSTEMPATH/Boot.php(68): CodeIgniter\Boot::runCodeIgniter()
11 FCPATH/index.php(59): CodeIgniter\Boot::bootWeb()
12 SYSTEMPATH/rewrite.php(44): require_once('/home/eduardo/sources/codeigniter/AulaCodeIgniter2026_2703/projeto/meuprj/public/index.php')
